This is LuaHBTeX, Version 1.16.0 (TeX Live 2023)  (format=lualatex 2023.4.26)  3 MAY 2023 08:10
 system commands enabled.
**README.MD
(./README.MD
LaTeX2e <2022-11-01> patch level 1
Lua module: luaotfload 2022-10-03 3.23 Lua based OpenType font support
Lua module: lualibs 2022-10-04 2.75 ConTeXt Lua standard libraries.
Lua module: lualibs-extended 2022-10-04 2.75 ConTeXt Lua libraries -- extended c
ollection.
luaotfload | conf : Root cache directory is "d:/Programs/LaTeX/TeXLive/2023/texm
f-var/luatex-cache/generic/names".
luaotfload | init : Loading fontloader "fontloader-2022-10-03.lua" from kpse-res
olved path "d:/Programs/LaTeX/TeXLive/2023/texmf-dist/tex/luatex/luaotfload/font
loader-2022-10-03.lua".
Lua-only attribute luaotfload@noligature = 1
luaotfload | init : Context OpenType loader version 3.120
Inserting `luaotfload.node_processor' in `pre_linebreak_filter'.
Inserting `luaotfload.node_processor' in `hpack_filter'.
Inserting `luaotfload.glyph_stream' in `glyph_stream_provider'.
Inserting `luaotfload.define_font' in `define_font'.
Lua-only attribute luaotfload_color_attribute = 2
luaotfload | conf : Root cache directory is "d:/Programs/LaTeX/TeXLive/2023/texm
f-var/luatex-cache/generic/names".
Inserting `luaotfload.harf.strip_prefix' in `find_opentype_file'.
Inserting `luaotfload.harf.strip_prefix' in `find_truetype_file'.
Removing  `luaotfload.glyph_stream' from `glyph_stream_provider'.
Inserting `luaotfload.harf.glyphstream' in `glyph_stream_provider'.
Inserting `luaotfload.harf.finalize_vlist' in `post_linebreak_filter'.
Inserting `luaotfload.harf.finalize_hlist' in `hpack_filter'.
Inserting `luaotfload.cleanup_files' in `wrapup_run'.
Inserting `luaotfload.harf.finalize_unicode' in `finish_pdffile'.
Inserting `luaotfload.glyphinfo' in `glyph_info'.
Lua-only attribute luaotfload.letterspace_done = 3
Inserting `luaotfload.aux.set_sscale_dimens' in `luaotfload.patch_font'.
Inserting `luaotfload.aux.set_font_index' in `luaotfload.patch_font'.
Inserting `luaotfload.aux.patch_cambria_domh' in `luaotfload.patch_font'.
Inserting `luaotfload.aux.fixup_fontdata' in `luaotfload.patch_font_unsafe'.
Inserting `luaotfload.aux.set_capheight' in `luaotfload.patch_font'.
Inserting `luaotfload.aux.set_xheight' in `luaotfload.patch_font'.
Inserting `luaotfload.rewrite_fontname' in `luaotfload.patch_font'. L3 programm
ing layer <2023-04-20>
Inserting `tracingstacklevels' in `input_level_string'.
! You can't use `macro parameter character #' in vertical mode.
l.1 #
    Console Assistant
Sorry, but I'm not programmed to handle this case;
I'll just pretend that you didn't ask for it.
If you're in the wrong mode, you might be able to
return to the right one by typing `I}' or `I$' or `I\par'.


! LaTeX Error: Missing \begin{document}.

See the LaTeX manual or LaTeX Companion for explanation.
Type  H <return>  for immediate help.
 ...                                              
                                                  
l.1 # C
     onsole Assistant
You're in trouble here.  Try typing  <return>  to proceed.
If that doesn't work, type  X <return>  to quit.


Overfull \hbox (20.0pt too wide) in paragraph at lines 1--2
[]Console
 []


! LaTeX Error: Missing \begin{document}.

See the LaTeX manual or LaTeX Companion for explanation.
Type  H <return>  for immediate help.
 ...                                              
                                                  
l.3 C
   onsole Assistant is a `python 3.x`-based command-line program that allows
You're in trouble here.  Try typing  <return>  to proceed.
If that doesn't work, type  X <return>  to quit.


Overfull \hbox (20.0pt too wide) in paragraph at lines 3--5
[]Console
 []


! LaTeX Error: Missing \begin{document}.

See the LaTeX manual or LaTeX Companion for explanation.
Type  H <return>  for immediate help.
 ...                                              
                                                  
l.6 T
   he assistant saves contacts and notes to the folder of the current user.
You're in trouble here.  Try typing  <return>  to proceed.
If that doesn't work, type  X <return>  to quit.

! Undefined control sequence.
l.7 For example, in `Windows` is a folder `C:\Users
                                                 \<Usaer>\`
The control sequence at the end of the top line
of your error message was never \def'ed. If you have
misspelled it (e.g., `\hobx'), type `I' and the correct
spelling (e.g., `I\hbox'). Otherwise just continue,
and I'll forget about whatever was undefined.

! Undefined control sequence.
l.7 ...example, in `Windows` is a folder `C:\Users\<
                                                  Usaer>\`
The control sequence at the end of the top line
of your error message was never \def'ed. If you have
misspelled it (e.g., `\hobx'), type `I' and the correct
spelling (e.g., `I\hbox'). Otherwise just continue,
and I'll forget about whatever was undefined.

LaTeX Font Info:    Trying to load font information for OT1+lmr on input line 8
.
(d:/Programs/LaTeX/TeXLive/2023/texmf-dist/tex/latex/lm/ot1lmr.fd
File: ot1lmr.fd 2015/05/01 v1.6.1 Font defs for Latin Modern
)
LaTeX Font Info:    Trying to load font information for +lmr on input line 8.
LaTeX Font Info:    No file lmr.fd. on input line 8.
LaTeX Font Info:    Trying to load font information for +cmr on input line 8.
LaTeX Font Info:    No file cmr.fd. on input line 8.


LaTeX Font Warning: Font shape `/lmr/m/n' undefined
(Font)              using `/cmr/m/n' instead on input line 8.


LaTeX Font Warning: Font shape `/cmr/m/n' undefined
(Font)              using `/cmr/m/n' instead on input line 8.

! Corrupted NFSS tables.
wrong@fontshape ...message {Corrupted NFSS tables}
                                                  error@fontshape else let f...
l.8 w
   ith names
This error message was generated by an \errmessage
command, so I can't give any explicit help.
Pretend that you're Hercule Poirot: Examine all clues,
and deduce the truth by order and method.


LaTeX Font Warning: Font shape `/cmr/m/n' undefined
(Font)              using `OT1/cmr/m/n' instead on input line 8.


LaTeX Font Warning: Font shape `/lmr/m/n' undefined
(Font)              using `/cmr/m/n' instead on input line 8.


Overfull \hbox (20.0pt too wide) in paragraph at lines 6--9
[]The
 []


Overfull \hbox (12.22223pt too wide) in paragraph at lines 6--9
`C:Usaer>\OT1/lmr/m/n/10 \/cmr/m/n/10 w\nullfont ith
 []


! LaTeX Error: Missing \begin{document}.

See the LaTeX manual or LaTeX Companion for explanation.
Type  H <return>  for immediate help.
 ...                                              
                                                  
l.10 -
     `contacts.bin`
You're in trouble here.  Try typing  <return>  to proceed.
If that doesn't work, type  X <return>  to quit.


Overfull \hbox (20.0pt too wide) in paragraph at lines 10--12
[]-
 []


! LaTeX Error: Missing \begin{document}.

See the LaTeX manual or LaTeX Companion for explanation.
Type  H <return>  for immediate help.
 ...                                              
                                                  
l.13   r
      espectively.
You're in trouble here.  Try typing  <return>  to proceed.
If that doesn't work, type  X <return>  to quit.


Overfull \hbox (20.0pt too wide) in paragraph at lines 13--14
[]respectively. 
 []

! You can't use `macro parameter character #' in vertical mode.
l.15 #
    # Install and Run Assistant
Sorry, but I'm not programmed to handle this case;
I'll just pretend that you didn't ask for it.
If you're in the wrong mode, you might be able to
return to the right one by typing `I}' or `I$' or `I\par'.

! You can't use `macro parameter character #' in vertical mode.
l.15 ##
      Install and Run Assistant
Sorry, but I'm not programmed to handle this case;
I'll just pretend that you didn't ask for it.
If you're in the wrong mode, you might be able to
return to the right one by typing `I}' or `I$' or `I\par'.


! LaTeX Error: Missing \begin{document}.

See the LaTeX manual or LaTeX Companion for explanation.
Type  H <return>  for immediate help.
 ...                                              
                                                  
l.15 ## I
       nstall and Run Assistant
You're in trouble here.  Try typing  <return>  to proceed.
If that doesn't work, type  X <return>  to quit.


Overfull \hbox (20.0pt too wide) in paragraph at lines 15--16
[]Install
 []


! LaTeX Error: Missing \begin{document}.

See the LaTeX manual or LaTeX Companion for explanation.
Type  H <return>  for immediate help.
 ...                                              
                                                  
l.17 -
     Clone repository `https://github.com/sergiokapone/project-team-9_consol...
You're in trouble here.  Try typing  <return>  to proceed.
If that doesn't work, type  X <return>  to quit.

! Missing $ inserted.
<inserted text> 
$
l.17 ...ps://github.com/sergiokapone/project-team-9_
                                                  console_helper.git`
I've inserted a begin-math/end-math symbol since I think
you left one out. Proceed, with fingers crossed.

LaTeX Font Info:    External font `cmex10' loaded for size
(Font)              <7> on input line 17.
LaTeX Font Info:    External font `cmex10' loaded for size
(Font)              <5> on input line 17.
! Missing $ inserted.
<inserted text> 
$
l.22 
   
I've inserted a begin-math/end-math symbol since I think
you left one out. Proceed, with fingers crossed.


Overfull \hbox (20.0pt too wide) in paragraph at lines 17--22
[]-
 []


Overfull \hbox (84.75288pt too wide) in paragraph at lines 17--22
9$[][]\OML/cmm/m/it/10 onsole[]elper:git\/cmr/m/n/10 ` \OMS/cmsy/m/n/10 ^^@
 []


Overfull \hbox (246.52449pt too wide) in paragraph at lines 17--22
\OML/cmm/m/it/10 Createvirtualenvironmentinfoldercontains\/cmr/m/n/10 `\OML/cmm
/m/it/10 setup:py\/cmr/m/n/10 ` \OMS/cmsy/m/n/10 ^^@
 []


Overfull \hbox (164.14258pt too wide) in paragraph at lines 17--22
\OML/cmm/m/it/10 Type\/cmr/m/n/10 `\OML/cmm/m/it/10 activete:cmd\/cmr/m/n/10 `\
OML/cmm/m/it/10 incommandline: \OMS/cmsy/m/n/10 ^^@
 []


Overfull \hbox (328.75156pt too wide) in paragraph at lines 17--22
\OML/cmm/m/it/10 Toinstallamoduleinavirtualenvironment; typethe\/cmr/m/n/10 `\O
ML/cmm/m/it/10 install:cmd\/cmr/m/n/10 `\OML/cmm/m/it/10 inconsole: \OMS/cmsy/m
/n/10 ^^@
 []


Overfull \hbox (204.03598pt too wide) in paragraph at lines 17--22
\OML/cmm/m/it/10 Tostarttheassistant; type\/cmr/m/n/10 `\OML/cmm/m/it/10 assista
nt\/cmr/m/n/10 `\OML/cmm/m/it/10 inconsole:$ 
 []

! You can't use `macro parameter character #' in vertical mode.
l.23 #
    # Commands
Sorry, but I'm not programmed to handle this case;
I'll just pretend that you didn't ask for it.
If you're in the wrong mode, you might be able to
return to the right one by typing `I}' or `I$' or `I\par'.

! You can't use `macro parameter character #' in vertical mode.
l.23 ##
      Commands
Sorry, but I'm not programmed to handle this case;
I'll just pretend that you didn't ask for it.
If you're in the wrong mode, you might be able to
return to the right one by typing `I}' or `I$' or `I\par'.


! LaTeX Error: Missing \begin{document}.

See the LaTeX manual or LaTeX Companion for explanation.
Type  H <return>  for immediate help.
 ...                                              
                                                  
l.23 ## C
       ommands
You're in trouble here.  Try typing  <return>  to proceed.
If that doesn't work, type  X <return>  to quit.


Overfull \hbox (20.0pt too wide) in paragraph at lines 23--24
[]Commands 
 []

! You can't use `macro parameter character #' in vertical mode.
l.25 #
    ## Hello and welcome commands
Sorry, but I'm not programmed to handle this case;
I'll just pretend that you didn't ask for it.
If you're in the wrong mode, you might be able to
return to the right one by typing `I}' or `I$' or `I\par'.

! You can't use `macro parameter character #' in vertical mode.
l.25 ##
     # Hello and welcome commands
Sorry, but I'm not programmed to handle this case;
I'll just pretend that you didn't ask for it.
If you're in the wrong mode, you might be able to
return to the right one by typing `I}' or `I$' or `I\par'.

! You can't use `macro parameter character #' in vertical mode.
l.25 ###
       Hello and welcome commands
Sorry, but I'm not programmed to handle this case;
I'll just pretend that you didn't ask for it.
If you're in the wrong mode, you might be able to
return to the right one by typing `I}' or `I$' or `I\par'.


! LaTeX Error: Missing \begin{document}.

See the LaTeX manual or LaTeX Companion for explanation.
Type  H <return>  for immediate help.
 ...                                              
                                                  
l.25 ### H
        ello and welcome commands
You're in trouble here.  Try typing  <return>  to proceed.
If that doesn't work, type  X <return>  to quit.


Overfull \hbox (20.0pt too wide) in paragraph at lines 25--26
[]Hello
 []


! LaTeX Error: Missing \begin{document}.

See the LaTeX manual or LaTeX Companion for explanation.
Type  H <return>  for immediate help.
 ...                                              
                                                  
l.27 -
     `help`: Displays a list of available commands and their descriptions.
You're in trouble here.  Try typing  <return>  to proceed.
If that doesn't work, type  X <return>  to quit.


Overfull \hbox (20.0pt too wide) in paragraph at lines 27--32
[]-
 []

! You can't use `macro parameter character #' in vertical mode.
l.33 #
    ## Manage contacts commands
Sorry, but I'm not programmed to handle this case;
I'll just pretend that you didn't ask for it.
If you're in the wrong mode, you might be able to
return to the right one by typing `I}' or `I$' or `I\par'.

! You can't use `macro parameter character #' in vertical mode.
l.33 ##
     # Manage contacts commands
Sorry, but I'm not programmed to handle this case;
I'll just pretend that you didn't ask for it.
If you're in the wrong mode, you might be able to
return to the right one by typing `I}' or `I$' or `I\par'.

! You can't use `macro parameter character #' in vertical mode.
l.33 ###
       Manage contacts commands
Sorry, but I'm not programmed to handle this case;
I'll just pretend that you didn't ask for it.
If you're in the wrong mode, you might be able to
return to the right one by typing `I}' or `I$' or `I\par'.


! LaTeX Error: Missing \begin{document}.

See the LaTeX manual or LaTeX Companion for explanation.
Type  H <return>  for immediate help.
 ...                                              
                                                  
l.33 ### M
        anage contacts commands
You're in trouble here.  Try typing  <return>  to proceed.
If that doesn't work, type  X <return>  to quit.


Overfull \hbox (20.0pt too wide) in paragraph at lines 33--34
[]Manage
 []


! LaTeX Error: Missing \begin{document}.

See the LaTeX manual or LaTeX Companion for explanation.
Type  H <return>  for immediate help.
 ...                                              
                                                  
l.35 -
     `add contact`: Add a contact to the address book.
You're in trouble here.  Try typing  <return>  to proceed.
If that doesn't work, type  X <return>  to quit.


Overfull \hbox (20.0pt too wide) in paragraph at lines 35--50
[]-
 []

! You can't use `macro parameter character #' in vertical mode.
l.51 #
    ## Sorting Folder
Sorry, but I'm not programmed to handle this case;
I'll just pretend that you didn't ask for it.
If you're in the wrong mode, you might be able to
return to the right one by typing `I}' or `I$' or `I\par'.

! You can't use `macro parameter character #' in vertical mode.
l.51 ##
     # Sorting Folder
Sorry, but I'm not programmed to handle this case;
I'll just pretend that you didn't ask for it.
If you're in the wrong mode, you might be able to
return to the right one by typing `I}' or `I$' or `I\par'.

! You can't use `macro parameter character #' in vertical mode.
l.51 ###
       Sorting Folder
Sorry, but I'm not programmed to handle this case;
I'll just pretend that you didn't ask for it.
If you're in the wrong mode, you might be able to
return to the right one by typing `I}' or `I$' or `I\par'.


! LaTeX Error: Missing \begin{document}.

See the LaTeX manual or LaTeX Companion for explanation.
Type  H <return>  for immediate help.
 ...                                              
                                                  
l.51 ### S
        orting Folder
You're in trouble here.  Try typing  <return>  to proceed.
If that doesn't work, type  X <return>  to quit.


Overfull \hbox (20.0pt too wide) in paragraph at lines 51--52
[]Sorting
 []


! LaTeX Error: Missing \begin{document}.

See the LaTeX manual or LaTeX Companion for explanation.
Type  H <return>  for immediate help.
 ...                                              
                                                  
l.53 -
     `sort folder`: Sort folder.
You're in trouble here.  Try typing  <return>  to proceed.
If that doesn't work, type  X <return>  to quit.


Overfull \hbox (20.0pt too wide) in paragraph at lines 53--54
[]-
 []

! You can't use `macro parameter character #' in vertical mode.
l.55 #
    ## Manage notes commands
Sorry, but I'm not programmed to handle this case;
I'll just pretend that you didn't ask for it.
If you're in the wrong mode, you might be able to
return to the right one by typing `I}' or `I$' or `I\par'.

! You can't use `macro parameter character #' in vertical mode.
l.55 ##
     # Manage notes commands
Sorry, but I'm not programmed to handle this case;
I'll just pretend that you didn't ask for it.
If you're in the wrong mode, you might be able to
return to the right one by typing `I}' or `I$' or `I\par'.

! You can't use `macro parameter character #' in vertical mode.
l.55 ###
       Manage notes commands
Sorry, but I'm not programmed to handle this case;
I'll just pretend that you didn't ask for it.
If you're in the wrong mode, you might be able to
return to the right one by typing `I}' or `I$' or `I\par'.


! LaTeX Error: Missing \begin{document}.

See the LaTeX manual or LaTeX Companion for explanation.
Type  H <return>  for immediate help.
 ...                                              
                                                  
l.55 ### M
        anage notes commands
You're in trouble here.  Try typing  <return>  to proceed.
If that doesn't work, type  X <return>  to quit.


Overfull \hbox (20.0pt too wide) in paragraph at lines 55--56
[]Manage
 []


! LaTeX Error: Missing \begin{document}.

See the LaTeX manual or LaTeX Companion for explanation.
Type  H <return>  for immediate help.
 ...                                              
                                                  
l.57 -
     `add note`: Adds a note.
You're in trouble here.  Try typing  <return>  to proceed.
If that doesn't work, type  X <return>  to quit.


Overfull \hbox (20.0pt too wide) in paragraph at lines 57--65
[]-
 []

! You can't use `macro parameter character #' in vertical mode.
l.66 #
    # Usage Examples
Sorry, but I'm not programmed to handle this case;
I'll just pretend that you didn't ask for it.
If you're in the wrong mode, you might be able to
return to the right one by typing `I}' or `I$' or `I\par'.

! You can't use `macro parameter character #' in vertical mode.
l.66 ##
      Usage Examples
Sorry, but I'm not programmed to handle this case;
I'll just pretend that you didn't ask for it.
If you're in the wrong mode, you might be able to
return to the right one by typing `I}' or `I$' or `I\par'.


! LaTeX Error: Missing \begin{document}.

See the LaTeX manual or LaTeX Companion for explanation.
Type  H <return>  for immediate help.
 ...                                              
                                                  
l.66 ## U
       sage Examples
You're in trouble here.  Try typing  <return>  to proceed.
If that doesn't work, type  X <return>  to quit.


Overfull \hbox (20.0pt too wide) in paragraph at lines 66--67
[]Usage
 []

! You can't use `macro parameter character #' in vertical mode.
l.68 #
    ## Sort folder
Sorry, but I'm not programmed to handle this case;
I'll just pretend that you didn't ask for it.
If you're in the wrong mode, you might be able to
return to the right one by typing `I}' or `I$' or `I\par'.

! You can't use `macro parameter character #' in vertical mode.
l.68 ##
     # Sort folder
Sorry, but I'm not programmed to handle this case;
I'll just pretend that you didn't ask for it.
If you're in the wrong mode, you might be able to
return to the right one by typing `I}' or `I$' or `I\par'.

! You can't use `macro parameter character #' in vertical mode.
l.68 ###
       Sort folder
Sorry, but I'm not programmed to handle this case;
I'll just pretend that you didn't ask for it.
If you're in the wrong mode, you might be able to
return to the right one by typing `I}' or `I$' or `I\par'.


! LaTeX Error: Missing \begin{document}.

See the LaTeX manual or LaTeX Companion for explanation.
Type  H <return>  for immediate help.
 ...                                              
                                                  
l.68 ### S
        ort folder
You're in trouble here.  Try typing  <return>  to proceed.
If that doesn't work, type  X <return>  to quit.


Overfull \hbox (20.0pt too wide) in paragraph at lines 68--69
[]Sort
 []


! LaTeX Error: Missing \begin{document}.

See the LaTeX manual or LaTeX Companion for explanation.
Type  H <return>  for immediate help.
 ...                                              
                                                  
l.70 -
     `>>> sort folder D:\MyGarbage\` --- sort files in folder `D:\MyGarbage\`
You're in trouble here.  Try typing  <return>  to proceed.
If that doesn't work, type  X <return>  to quit.

! Undefined control sequence.
l.70 - `>>> sort folder D:\MyGarbage
                                  \` --- sort files in folder `D:\MyGarbage\`
The control sequence at the end of the top line
of your error message was never \def'ed. If you have
misspelled it (e.g., `\hobx'), type `I' and the correct
spelling (e.g., `I\hbox'). Otherwise just continue,
and I'll forget about whatever was undefined.

! Undefined control sequence.
l.70 ...age\` --- sort files in folder `D:\MyGarbage
                                                  \`
The control sequence at the end of the top line
of your error message was never \def'ed. If you have
misspelled it (e.g., `\hobx'), type `I' and the correct
spelling (e.g., `I\hbox'). Otherwise just continue,
and I'll forget about whatever was undefined.

Runaway argument?
! Paragraph ended before \UseTextAccent  was complete.
<to be read again> 
\par 
l.71 
   
I suspect you've forgotten a `}', causing me to apply this
control sequence to too much text. How can we recover?
My plan is to forget the whole thing and hope for the best.


Overfull \hbox (20.0pt too wide) in paragraph at lines 70--71
[]-
 []


Overfull \hbox (3.33333pt too wide) in paragraph at lines 70--71
D:[]\/lmr/m/n/10 -\nullfont --
 []

! You can't use `macro parameter character #' in vertical mode.
l.72 #
    ## Manage contacts
Sorry, but I'm not programmed to handle this case;
I'll just pretend that you didn't ask for it.
If you're in the wrong mode, you might be able to
return to the right one by typing `I}' or `I$' or `I\par'.

! You can't use `macro parameter character #' in vertical mode.
l.72 ##
     # Manage contacts
Sorry, but I'm not programmed to handle this case;
I'll just pretend that you didn't ask for it.
If you're in the wrong mode, you might be able to
return to the right one by typing `I}' or `I$' or `I\par'.

! You can't use `macro parameter character #' in vertical mode.
l.72 ###
       Manage contacts
Sorry, but I'm not programmed to handle this case;
I'll just pretend that you didn't ask for it.
If you're in the wrong mode, you might be able to
return to the right one by typing `I}' or `I$' or `I\par'.


! LaTeX Error: Missing \begin{document}.

See the LaTeX manual or LaTeX Companion for explanation.
Type  H <return>  for immediate help.
 ...                                              
                                                  
l.72 ### M
        anage contacts
You're in trouble here.  Try typing  <return>  to proceed.
If that doesn't work, type  X <return>  to quit.


Overfull \hbox (20.0pt too wide) in paragraph at lines 72--73
[]Manage
 []


! LaTeX Error: Missing \begin{document}.

See the LaTeX manual or LaTeX Companion for explanation.
Type  H <return>  for immediate help.
 ...                                              
                                                  
l.74 T
    o manage contacts in your address book, You can type commands by followi...
You're in trouble here.  Try typing  <return>  to proceed.
If that doesn't work, type  X <return>  to quit.


Overfull \hbox (20.0pt too wide) in paragraph at lines 74--75
[]To
 []


! LaTeX Error: Missing \begin{document}.

See the LaTeX manual or LaTeX Companion for explanation.
Type  H <return>  for immediate help.
 ...                                              
                                                  
l.76 -
     `>>> show contacts` --- shows table of contacts in address book.
You're in trouble here.  Try typing  <return>  to proceed.
If that doesn't work, type  X <return>  to quit.

! Missing $ inserted.
<inserted text> 
$
l.79 - `>>> add contact Someone 03.05.1995 his_
                                             mail@i.ua` --- add contact `Som...
I've inserted a begin-math/end-math symbol since I think
you left one out. Proceed, with fingers crossed.

! Missing $ inserted.
<inserted text> 
$
l.89 
   
I've inserted a begin-math/end-math symbol since I think
you left one out. Proceed, with fingers crossed.


Overfull \hbox (20.0pt too wide) in paragraph at lines 76--89
[]-
 []


Overfull \hbox (55.07448pt too wide) in paragraph at lines 76--89
his$[][]\OML/cmm/m/it/10 ail\/lmr/m/n/10 @\OML/cmm/m/it/10 i:ua\/lmr/m/n/10 ` \
OMS/cmsy/m/n/10 ^^@
 []


Overfull \hbox (15.5556pt too wide) in paragraph at lines 76--89
\OMS/cmsy/m/n/10 ^^@ ^^@
 []


Overfull \hbox (425.22383pt too wide) in paragraph at lines 76--89
\OML/cmm/m/it/10 addcontact\/lmr/m/n/10 `\OML/cmm/m/it/10 Someone\/lmr/m/n/10 `\OML/cmm/m/it/10 totheaddressbookwithdateofbirthday\/lmr/m/n/10 `03\OML/cmm/m/it/10 :\/lmr/m/n/10 05\OML/cmm/m/it/10 :\/lmr/m/n/10 1995`\OML/cmm/m/it/10 andemail\/lmr/m/n/10 `\OML/cmm/m/it/10 his[]ail\/lmr/m/n/10 @\OML/cmm/m/it/10 i:ua\/lmr/m/n/10 `\OML/cmm/m/it/10 : \OMS/cmsy/m/n/10 ^^@
 []


Overfull \hbox (28.8889pt too wide) in paragraph at lines 76--89
\/lmr/m/n/10 ` \OML/cmm/m/it/10 >>>
 []


Overfull \hbox (146.5851pt too wide) in paragraph at lines 76--89
\OML/cmm/m/it/10 setphoneUsername\/lmr/m/n/10 0935841245` \OMS/cmsy/m/n/10 ^^@
 []


Overfull \hbox (15.5556pt too wide) in paragraph at lines 76--89
\OMS/cmsy/m/n/10 ^^@ ^^@
 []


Overfull \hbox (218.8648pt too wide) in paragraph at lines 76--89
\OML/cmm/m/it/10 addphone\/lmr/m/n/10 [[]]\OML/cmm/m/it/10 tocontact\/lmr/m/n/1
0 `\OML/cmm/m/it/10 Username\/lmr/m/n/10 `\OML/cmm/m/it/10 inaddressbook: \OMS/
cmsy/m/n/10 ^^@
 []


Overfull \hbox (28.8889pt too wide) in paragraph at lines 76--89
\/lmr/m/n/10 ` \OML/cmm/m/it/10 >>>
 []


Overfull \hbox (153.49316pt too wide) in paragraph at lines 76--89
\OML/cmm/m/it/10 setbirthdayUsername\/lmr/m/n/10 12\OML/cmm/m/it/10 :\/lmr/m/n/
10 12\OML/cmm/m/it/10 :\/lmr/m/n/10 1978` \OMS/cmsy/m/n/10 ^^@
 []


Overfull \hbox (15.5556pt too wide) in paragraph at lines 76--89
\OMS/cmsy/m/n/10 ^^@ ^^@
 []


Overfull \hbox (230.21733pt too wide) in paragraph at lines 76--89
\OML/cmm/m/it/10 addbirthday\/lmr/m/n/10 [[]]\OML/cmm/m/it/10 tocontact\/lmr/m/
n/10 `\OML/cmm/m/it/10 Username\/lmr/m/n/10 `\OML/cmm/m/it/10 inaddressbook: \O
MS/cmsy/m/n/10 ^^@
 []


Overfull \hbox (28.8889pt too wide) in paragraph at lines 76--89
\/lmr/m/n/10 ` \OML/cmm/m/it/10 >>>
 []


Overfull \hbox (141.03773pt too wide) in paragraph at lines 76--89
\OML/cmm/m/it/10 setemailmy[]ame\/lmr/m/n/10 @\OML/cmm/m/it/10 gmail:com\/lmr/m
/n/10 ` \OMS/cmsy/m/n/10 ^^@
 []


Overfull \hbox (15.5556pt too wide) in paragraph at lines 76--89
\OMS/cmsy/m/n/10 ^^@ ^^@
 []


Overfull \hbox (315.64897pt too wide) in paragraph at lines 76--89
\OML/cmm/m/it/10 addemail\/lmr/m/n/10 [[]]`\OML/cmm/m/it/10 my[]ame\/lmr/m/n/10
 @\OML/cmm/m/it/10 gmail:com\/lmr/m/n/10 `\OML/cmm/m/it/10 tocontact\/lmr/m/n/1
0 `\OML/cmm/m/it/10 Username\/lmr/m/n/10 `\OML/cmm/m/it/10 inaddressbook: \OMS/
cmsy/m/n/10 ^^@
 []


Overfull \hbox (28.8889pt too wide) in paragraph at lines 76--89
\/lmr/m/n/10 ` \OML/cmm/m/it/10 >>>
 []


Overfull \hbox (101.181pt too wide) in paragraph at lines 76--89
\OML/cmm/m/it/10 upcomingbirthdays\/lmr/m/n/10 5` \OMS/cmsy/m/n/10 ^^@
 []


Overfull \hbox (15.5556pt too wide) in paragraph at lines 76--89
\OMS/cmsy/m/n/10 ^^@ ^^@
 []


Overfull \hbox (241.22844pt too wide) in paragraph at lines 76--89
\OML/cmm/m/it/10 showscontactswithupcomingbirthdayswithin\/lmr/m/n/10 `5`\OML/c
mm/m/it/10 days: \OMS/cmsy/m/n/10 ^^@
 []


Overfull \hbox (28.8889pt too wide) in paragraph at lines 76--89
\/lmr/m/n/10 ` \OML/cmm/m/it/10 >>>
 []


Overfull \hbox (112.06877pt too wide) in paragraph at lines 76--89
\OML/cmm/m/it/10 showcontactUsername\/lmr/m/n/10 ` \OMS/cmsy/m/n/10 ^^@
 []


Overfull \hbox (15.5556pt too wide) in paragraph at lines 76--89
\OMS/cmsy/m/n/10 ^^@ ^^@
 []


Overfull \hbox (174.65253pt too wide) in paragraph at lines 76--89
\OML/cmm/m/it/10 showcontact\/lmr/m/n/10 `\OML/cmm/m/it/10 Username\/lmr/m/n/10
 `\OML/cmm/m/it/10 information: \OMS/cmsy/m/n/10 ^^@
 []


Overfull \hbox (28.8889pt too wide) in paragraph at lines 76--89
\/lmr/m/n/10 ` \OML/cmm/m/it/10 >>>
 []


Overfull \hbox (131.9429pt too wide) in paragraph at lines 76--89
\OML/cmm/m/it/10 searchcontactSearchQuery\/lmr/m/n/10 ` \OMS/cmsy/m/n/10 ^^@
 []


Overfull \hbox (15.5556pt too wide) in paragraph at lines 76--89
\OMS/cmsy/m/n/10 ^^@ ^^@
 []


Overfull \hbox (252.08398pt too wide) in paragraph at lines 76--89
\OML/cmm/m/it/10 where\/lmr/m/n/10 `\OML/cmm/m/it/10 SearchQuery\/lmr/m/n/10 `\
OML/cmm/m/it/10 somewordornumberforsearching: \OMS/cmsy/m/n/10 ^^@
 []


Overfull \hbox (28.8889pt too wide) in paragraph at lines 76--89
\/lmr/m/n/10 ` \OML/cmm/m/it/10 >>>
 []


Overfull \hbox (122.27948pt too wide) in paragraph at lines 76--89
\OML/cmm/m/it/10 removecontactUsername\/lmr/m/n/10 ` \OMS/cmsy/m/n/10 ^^@
 []


Overfull \hbox (15.5556pt too wide) in paragraph at lines 76--89
\OMS/cmsy/m/n/10 ^^@ ^^@
 []


Overfull \hbox (125.05727pt too wide) in paragraph at lines 76--89
\OML/cmm/m/it/10 removecontact\/lmr/m/n/10 `\OML/cmm/m/it/10 Uresname\/lmr/m/n/
10 ` \OMS/cmsy/m/n/10 ^^@
 []


Overfull \hbox (28.8889pt too wide) in paragraph at lines 76--89
\/lmr/m/n/10 ` \OML/cmm/m/it/10 >>>
 []


Overfull \hbox (121.56535pt too wide) in paragraph at lines 76--89
\OML/cmm/m/it/10 removephoneUsername\/lmr/m/n/10 1` \OMS/cmsy/m/n/10 ^^@
 []


Overfull \hbox (15.5556pt too wide) in paragraph at lines 76--89
\OMS/cmsy/m/n/10 ^^@ ^^@
 []


Overfull \hbox (134.77997pt too wide) in paragraph at lines 76--89
\OML/cmm/m/it/10 removeuserphonebyindex\/lmr/m/n/10 `1`\OML/cmm/m/it/10 : \OMS/
cmsy/m/n/10 ^^@
 []


Overfull \hbox (28.8889pt too wide) in paragraph at lines 76--89
\/lmr/m/n/10 ` \OML/cmm/m/it/10 >>>
 []


Overfull \hbox (120.61467pt too wide) in paragraph at lines 76--89
\OML/cmm/m/it/10 removeemailUsername\/lmr/m/n/10 2` \OMS/cmsy/m/n/10 ^^@
 []


Overfull \hbox (15.5556pt too wide) in paragraph at lines 76--89
\OMS/cmsy/m/n/10 ^^@ ^^@
 []


Overfull \hbox (126.05148pt too wide) in paragraph at lines 76--89
\OML/cmm/m/it/10 removeuseremailbyindex\/lmr/m/n/10 `2`\OML/cmm/m/it/10 :$ 
 []


! LaTeX Error: Missing \begin{document}.

See the LaTeX manual or LaTeX Companion for explanation.
Type  H <return>  for immediate help.
 ...                                              
                                                  
l.90 [
    ^1]: If the contact is missing, it will be added automatically
You're in trouble here.  Try typing  <return>  to proceed.
If that doesn't work, type  X <return>  to quit.

! Missing $ inserted.
<inserted text> 
$
l.90 [^
     1]: If the contact is missing, it will be added automatically
I've inserted a begin-math/end-math symbol since I think
you left one out. Proceed, with fingers crossed.

! Missing $ inserted.
<inserted text> 
$
l.91 
   
I've inserted a begin-math/end-math symbol since I think
you left one out. Proceed, with fingers crossed.


Overfull \hbox (32.81941pt too wide) in paragraph at lines 90--91
[][$[][]\/lmr/m/n/10 ] :
 []


Overfull \hbox (226.57054pt too wide) in paragraph at lines 90--91
\OML/cmm/m/it/10 Ifthecontactismissing; itwillbeaddedautomatically$ 
 []

! You can't use `macro parameter character #' in vertical mode.
l.92 #
    ## Manage notes
Sorry, but I'm not programmed to handle this case;
I'll just pretend that you didn't ask for it.
If you're in the wrong mode, you might be able to
return to the right one by typing `I}' or `I$' or `I\par'.

! You can't use `macro parameter character #' in vertical mode.
l.92 ##
     # Manage notes
Sorry, but I'm not programmed to handle this case;
I'll just pretend that you didn't ask for it.
If you're in the wrong mode, you might be able to
return to the right one by typing `I}' or `I$' or `I\par'.

! You can't use `macro parameter character #' in vertical mode.
l.92 ###
       Manage notes
Sorry, but I'm not programmed to handle this case;
I'll just pretend that you didn't ask for it.
If you're in the wrong mode, you might be able to
return to the right one by typing `I}' or `I$' or `I\par'.


! LaTeX Error: Missing \begin{document}.

See the LaTeX manual or LaTeX Companion for explanation.
Type  H <return>  for immediate help.
 ...                                              
                                                  
l.92 ### M
        anage notes
You're in trouble here.  Try typing  <return>  to proceed.
If that doesn't work, type  X <return>  to quit.


Overfull \hbox (20.0pt too wide) in paragraph at lines 92--93
[]Manage
 []


! LaTeX Error: Missing \begin{document}.

See the LaTeX manual or LaTeX Companion for explanation.
Type  H <return>  for immediate help.
 ...                                              
                                                  
l.94 T
    o manage contacts in your address book, You can type commands by followi...
You're in trouble here.  Try typing  <return>  to proceed.
If that doesn't work, type  X <return>  to quit.


Overfull \hbox (20.0pt too wide) in paragraph at lines 94--95
[]To
 []


! LaTeX Error: Missing \begin{document}.

See the LaTeX manual or LaTeX Companion for explanation.
Type  H <return>  for immediate help.
 ...                                              
                                                  
l.96 -
     `>>> show notes` --- just show all notes.
You're in trouble here.  Try typing  <return>  to proceed.
If that doesn't work, type  X <return>  to quit.

! Missing $ inserted.
<inserted text> 
$
l.99 ...Text of your note` --- add note with `Tag`[^
                                                  2] and text `Text of your ...
I've inserted a begin-math/end-math symbol since I think
you left one out. Proceed, with fingers crossed.

! Missing $ inserted.
<inserted text> 
$
l.104 
    
I've inserted a begin-math/end-math symbol since I think
you left one out. Proceed, with fingers crossed.


Overfull \hbox (20.0pt too wide) in paragraph at lines 96--104
[]-
 []


Overfull \hbox (129.23647pt too wide) in paragraph at lines 96--104
`Tag`[$[][]\/lmr/m/n/10 ]\OML/cmm/m/it/10 andtext\/lmr/m/n/10 `\OML/cmm/m/it/10
 Textofyournote\/lmr/m/n/10 `\OML/cmm/m/it/10 : \OMS/cmsy/m/n/10 ^^@
 []


Overfull \hbox (28.8889pt too wide) in paragraph at lines 96--104
\/lmr/m/n/10 ` \OML/cmm/m/it/10 >>>
 []


Overfull \hbox (75.35541pt too wide) in paragraph at lines 96--104
\OML/cmm/m/it/10 addtag\/lmr/m/n/10 1\OML/cmm/m/it/10 Mytag\/lmr/m/n/10 ` \OMS/
cmsy/m/n/10 ^^@
 []


Overfull \hbox (15.5556pt too wide) in paragraph at lines 96--104
\OMS/cmsy/m/n/10 ^^@ ^^@
 []


Overfull \hbox (169.35352pt too wide) in paragraph at lines 96--104
\OML/cmm/m/it/10 addtag\/lmr/m/n/10 `\OML/cmm/m/it/10 Mytag\/lmr/m/n/10 `[[]]\O
ML/cmm/m/it/10 tonotewithindex\/lmr/m/n/10 `1`\OML/cmm/m/it/10 : \OMS/cmsy/m/n/
10 ^^@
 []


Overfull \hbox (28.8889pt too wide) in paragraph at lines 96--104
\/lmr/m/n/10 ` \OML/cmm/m/it/10 >>>
 []


Overfull \hbox (80.16335pt too wide) in paragraph at lines 96--104
\OML/cmm/m/it/10 removetag\/lmr/m/n/10 4\OML/cmm/m/it/10 Tag\/lmr/m/n/10 ` \OMS
/cmsy/m/n/10 ^^@
 []


Overfull \hbox (15.5556pt too wide) in paragraph at lines 96--104
\OMS/cmsy/m/n/10 ^^@ ^^@
 []


Overfull \hbox (161.9323pt too wide) in paragraph at lines 96--104
\OML/cmm/m/it/10 removes\/lmr/m/n/10 `\OML/cmm/m/it/10 Tag\/lmr/m/n/10 `\OML/cm
m/m/it/10 fornotewithindex\/lmr/m/n/10 `4`\OML/cmm/m/it/10 : \OMS/cmsy/m/n/10 ^^
@
 []


Overfull \hbox (28.8889pt too wide) in paragraph at lines 96--104
\/lmr/m/n/10 ` \OML/cmm/m/it/10 >>>
 []


Overfull \hbox (104.63792pt too wide) in paragraph at lines 96--104
\OML/cmm/m/it/10 changenote\/lmr/m/n/10 1\OML/cmm/m/it/10 Newtext\/lmr/m/n/10 ` \OMS/cmsy/m/n/10 ^^@
 []


Overfull \hbox (15.5556pt too wide) in paragraph at lines 96--104
\OMS/cmsy/m/n/10 ^^@ ^^@
 []


Overfull \hbox (135.99515pt too wide) in paragraph at lines 96--104
\OML/cmm/m/it/10 changenote\/lmr/m/n/10 `1`\OML/cmm/m/it/10 with\/lmr/m/n/10 `\
OML/cmm/m/it/10 Newtext\/lmr/m/n/10 `\OML/cmm/m/it/10 : \OMS/cmsy/m/n/10 ^^@
 []


Overfull \hbox (28.8889pt too wide) in paragraph at lines 96--104
\/lmr/m/n/10 ` \OML/cmm/m/it/10 >>>
 []


Overfull \hbox (67.60783pt too wide) in paragraph at lines 96--104
\OML/cmm/m/it/10 removenote\/lmr/m/n/10 2` \OMS/cmsy/m/n/10 ^^@
 []


Overfull \hbox (15.5556pt too wide) in paragraph at lines 96--104
\OMS/cmsy/m/n/10 ^^@ ^^@
 []


Overfull \hbox (110.65556pt too wide) in paragraph at lines 96--104
\OML/cmm/m/it/10 removenotewithindex\/lmr/m/n/10 `2`\OML/cmm/m/it/10 :$ 
 []


! LaTeX Error: Missing \begin{document}.

See the LaTeX manual or LaTeX Companion for explanation.
Type  H <return>  for immediate help.
 ...                                              
                                                  
l.105 [
     ^2]: When creating a note, you can assign only one single-word tag. You...
You're in trouble here.  Try typing  <return>  to proceed.
If that doesn't work, type  X <return>  to quit.

! Missing $ inserted.
<inserted text> 
$
l.105 [^
      2]: When creating a note, you can assign only one single-word tag. You...
I've inserted a begin-math/end-math symbol since I think
you left one out. Proceed, with fingers crossed.

! Missing $ inserted.
<inserted text> 
$
l.106 
    
I've inserted a begin-math/end-math symbol since I think
you left one out. Proceed, with fingers crossed.


Overfull \hbox (32.81941pt too wide) in paragraph at lines 105--106
[][$[][]\/lmr/m/n/10 ] :
 []


Overfull \hbox (223.70865pt too wide) in paragraph at lines 105--106
\OML/cmm/m/it/10 Whencreatinganote; youcanassignonlyonesingle \OMS/cmsy/m/n/10 
^^@
 []


Overfull \hbox (258.09035pt too wide) in paragraph at lines 105--106
\OML/cmm/m/it/10 wordtag:Youcanaddsubsequenttagswith\/lmr/m/n/10 `\OML/cmm/m/it
/10 addtag\/lmr/m/n/10 `\OML/cmm/m/it/10 command:$ 
 []


! LaTeX Error: Missing \begin{document}.

See the LaTeX manual or LaTeX Companion for explanation.
Type  H <return>  for immediate help.
 ...                                              
                                                  
l.107 [
     ^3]: Tag cannot be a number.
You're in trouble here.  Try typing  <return>  to proceed.
If that doesn't work, type  X <return>  to quit.

! Missing $ inserted.
<inserted text> 
$
l.107 [^
      3]: Tag cannot be a number.
I've inserted a begin-math/end-math symbol since I think
you left one out. Proceed, with fingers crossed.

! Missing $ inserted.
<inserted text> 
$
l.108 
    
I've inserted a begin-math/end-math symbol since I think
you left one out. Proceed, with fingers crossed.


Overfull \hbox (32.81941pt too wide) in paragraph at lines 107--108
[][$[][]\/lmr/m/n/10 ] :
 []


Overfull \hbox (98.42389pt too wide) in paragraph at lines 107--108
\OML/cmm/m/it/10 Tagcannotbeanumber:$ 
 []

! You can't use `macro parameter character #' in vertical mode.
l.109 #
     ## Exit program
Sorry, but I'm not programmed to handle this case;
I'll just pretend that you didn't ask for it.
If you're in the wrong mode, you might be able to
return to the right one by typing `I}' or `I$' or `I\par'.

! You can't use `macro parameter character #' in vertical mode.
l.109 ##
      # Exit program
Sorry, but I'm not programmed to handle this case;
I'll just pretend that you didn't ask for it.
If you're in the wrong mode, you might be able to
return to the right one by typing `I}' or `I$' or `I\par'.

! You can't use `macro parameter character #' in vertical mode.
l.109 ###
        Exit program
Sorry, but I'm not programmed to handle this case;
I'll just pretend that you didn't ask for it.
If you're in the wrong mode, you might be able to
return to the right one by typing `I}' or `I$' or `I\par'.


! LaTeX Error: Missing \begin{document}.

See the LaTeX manual or LaTeX Companion for explanation.
Type  H <return>  for immediate help.
 ...                                              
                                                  
l.109 ### E
         xit program
You're in trouble here.  Try typing  <return>  to proceed.
If that doesn't work, type  X <return>  to quit.


Overfull \hbox (20.0pt too wide) in paragraph at lines 109--110
[]Exit
 []


! LaTeX Error: Missing \begin{document}.

See the LaTeX manual or LaTeX Companion for explanation.
Type  H <return>  for immediate help.
 ...                                              
                                                  
l.111 T
     o exit the program just type following commands[^4]:
You're in trouble here.  Try typing  <return>  to proceed.
If that doesn't work, type  X <return>  to quit.

! Missing $ inserted.
<inserted text> 
$
l.111 ... the program just type following commands[^
                                                  4]:
I've inserted a begin-math/end-math symbol since I think
you left one out. Proceed, with fingers crossed.

! Missing $ inserted.
<inserted text> 
$
l.112 
    
I've inserted a begin-math/end-math symbol since I think
you left one out. Proceed, with fingers crossed.


Overfull \hbox (20.0pt too wide) in paragraph at lines 111--112
[]To
 []


Overfull \hbox (12.81941pt too wide) in paragraph at lines 111--112
commands[$[][]\/lmr/m/n/10 ] :$ 
 []


! LaTeX Error: Missing \begin{document}.

See the LaTeX manual or LaTeX Companion for explanation.
Type  H <return>  for immediate help.
 ...                                              
                                                  
l.113 -
      `>>> good bye`
You're in trouble here.  Try typing  <return>  to proceed.
If that doesn't work, type  X <return>  to quit.


Overfull \hbox (20.0pt too wide) in paragraph at lines 113--116
[]-
 []


! LaTeX Error: Missing \begin{document}.

See the LaTeX manual or LaTeX Companion for explanation.
Type  H <return>  for immediate help.
 ...                                              
                                                  
l.117 A
     nother possibility to exit without any messages is typing dot:
You're in trouble here.  Try typing  <return>  to proceed.
If that doesn't work, type  X <return>  to quit.


Overfull \hbox (20.0pt too wide) in paragraph at lines 117--118
[]Another
 []


! LaTeX Error: Missing \begin{document}.

See the LaTeX manual or LaTeX Companion for explanation.
Type  H <return>  for immediate help.
 ...                                              
                                                  
l.119 -
      `>>> .`
You're in trouble here.  Try typing  <return>  to proceed.
If that doesn't work, type  X <return>  to quit.


Overfull \hbox (20.0pt too wide) in paragraph at lines 119--120
[]-
 []


! LaTeX Error: Missing \begin{document}.

See the LaTeX manual or LaTeX Companion for explanation.
Type  H <return>  for immediate help.
 ...                                              
                                                  
l.121 [
     ^4]: After executing the specified commands, the application will save ...
You're in trouble here.  Try typing  <return>  to proceed.
If that doesn't work, type  X <return>  to quit.

! Missing $ inserted.
<inserted text> 
$
l.121 [^
      4]: After executing the specified commands, the application will save ...
I've inserted a begin-math/end-math symbol since I think
you left one out. Proceed, with fingers crossed.

! Missing $ inserted.
<inserted text> 
$
l.122 
    
I've inserted a begin-math/end-math symbol since I think
you left one out. Proceed, with fingers crossed.


Overfull \hbox (32.81941pt too wide) in paragraph at lines 121--122
[][$[][]\/lmr/m/n/10 ] :
 []


Overfull \hbox (382.81938pt too wide) in paragraph at lines 121--122
\OML/cmm/m/it/10 Afterexecutingthespecifiedcommands; theapplicationwillsaveyourd
ataautomatically:$ 
 []


! LaTeX Error: Missing \begin{document}.

See the LaTeX manual or LaTeX Companion for explanation.
Type  H <return>  for immediate help.
 ...                                              
                                                  
l.123 U
     pon subsequent program entry, the data will be loaded automatically.
You're in trouble here.  Try typing  <return>  to proceed.
If that doesn't work, type  X <return>  to quit.


Overfull \hbox (20.0pt too wide) in paragraph at lines 123--124
[]Upon
 []


! LaTeX Error: Missing \begin{document}.

See the LaTeX manual or LaTeX Companion for explanation.
Type  H <return>  for immediate help.
 ...                                              
                                                  
l.125 B
     ut if you type `*` the application exit without saving your data:
You're in trouble here.  Try typing  <return>  to proceed.
If that doesn't work, type  X <return>  to quit.


Overfull \hbox (20.0pt too wide) in paragraph at lines 125--126
[]But
 []


! LaTeX Error: Missing \begin{document}.

See the LaTeX manual or LaTeX Companion for explanation.
Type  H <return>  for immediate help.
 ...                                              
                                                  
l.127 -
      `>>> *`
You're in trouble here.  Try typing  <return>  to proceed.
If that doesn't work, type  X <return>  to quit.

)
! Emergency stop.
<*> README.MD
          
*** (job aborted, no legal \end found)



Here is how much of LuaTeX's memory you used:
 79 strings out of 478263
 100000,1977958 words of node,token memory allocated 38737 words of node memory still in use:
   200 hlist, 4 disc, 37 local_par, 1 dir, 16 math, 906 glue, 222 kern, 141 pena
lty, 4008 glyph, 90 attribute, 39 glue_spec, 90 attribute_list, 1 temp nodes
   avail lists: 3:647,4:132,5:2,8:734,10:131
 20410 multiletter control sequences out of 65536+600000
 25 fonts using 1296687 bytes
 24i,1n,32p,171b,125s stack positions out of 10000i,1000n,20000p,200000b,200000s
!  ==> Fatal error occurred, no output PDF file produced!
